0 info it worked if it ends with ok
1 verbose cli [ 'C:\\Program Files\\nodejs\\\\node.exe',
1 verbose cli   'C:\\Program Files\\nodejs\\node_modules\\npm\\bin\\npm-cli.js',
1 verbose cli   'install',
1 verbose cli   'grunt-css',
1 verbose cli   '--save-dev' ]
2 info using npm@1.3.11
3 info using node@v0.10.21
4 verbose node symlink C:\Program Files\nodejs\\node.exe
5 warn package.json gruntTest@0.0.0 No repository field.
6 warn package.json gruntTest@0.0.0 No README data
7 verbose readDependencies using package.json deps
8 verbose cache add [ 'grunt-css', null ]
9 verbose cache add name=undefined spec="grunt-css" args=["grunt-css",null]
10 verbose parsed url { protocol: null,
10 verbose parsed url   slashes: null,
10 verbose parsed url   auth: null,
10 verbose parsed url   host: null,
10 verbose parsed url   port: null,
10 verbose parsed url   hostname: null,
10 verbose parsed url   hash: null,
10 verbose parsed url   search: null,
10 verbose parsed url   query: null,
10 verbose parsed url   pathname: 'grunt-css',
10 verbose parsed url   path: 'grunt-css',
10 verbose parsed url   href: 'grunt-css' }
11 silly lockFile 1529a5df-grunt-css grunt-css
12 verbose lock grunt-css C:\Users\ma.gonzalez\AppData\Roaming\npm-cache\1529a5df-grunt-css.lock
13 silly lockFile 1529a5df-grunt-css grunt-css
14 silly lockFile 1529a5df-grunt-css grunt-css
15 verbose addNamed [ 'grunt-css', '' ]
16 verbose addNamed [ null, '*' ]
17 silly lockFile acdbd44b-grunt-css grunt-css@
18 verbose lock grunt-css@ C:\Users\ma.gonzalez\AppData\Roaming\npm-cache\acdbd44b-grunt-css.lock
19 silly addNameRange { name: 'grunt-css', range: '*', hasData: false }
20 verbose url raw grunt-css
21 verbose url resolving [ 'https://registry.npmjs.org/', './grunt-css' ]
22 verbose url resolved https://registry.npmjs.org/grunt-css
23 info trying registry request attempt 1 at 16:33:17
24 http GET https://registry.npmjs.org/grunt-css
25 http 500 https://registry.npmjs.org/grunt-css
26 verbose bad json Internal routing error
26 verbose bad json
26 verbose bad json Sorry, we cannot connect to the intended server.
26 verbose bad json
26 verbose bad json We have just been notified of this problem. We will correct it as soon as possible.
26 verbose bad json
26 verbose bad json Feel free to contact us if you have any questions: support@iriscouch.com
27 error registry error parsing json
28 info retry will retry, error on last attempt: SyntaxError: Unexpected token I
28 info retry Internal routing error
28 info retry
28 info retry Sorry, we cannot connect to the intended server.
28 info retry
28 info retry We have just been notified of this problem. We will correct it as soon as possible.
28 info retry
28 info retry Feel free to contact us if you have any questions: support@iriscouch.com
29 info trying registry request attempt 2 at 16:33:29
30 http GET https://registry.npmjs.org/grunt-css
31 info retry will retry, error on last attempt: Error: connect ECONNREFUSED
32 info trying registry request attempt 3 at 16:34:31
33 http GET https://registry.npmjs.org/grunt-css
34 silly lockFile acdbd44b-grunt-css grunt-css@
35 silly lockFile acdbd44b-grunt-css grunt-css@
36 error network socket hang up
36 error network This is most likely not a problem with npm itself
36 error network and is related to network connectivity.
36 error network In most cases you are behind a proxy or have bad network settings.
36 error network
36 error network If you are behind a proxy, please make sure that the
36 error network 'proxy' config is set properly.  See: 'npm help config'
37 error System Windows_NT 6.1.7601
38 error command "C:\\Program Files\\nodejs\\\\node.exe" "C:\\Program Files\\nodejs\\node_modules\\npm\\bin\\npm-cli.js" "install" "grunt-css" "--save-dev"
39 error cwd C:\Users\ma.gonzalez\My Documents\GitHub\Globant_HTML5_Bootcamp\Topic 2
40 error node -v v0.10.21
41 error npm -v 1.3.11
42 error code ECONNRESET
43 verbose exit [ 1, true ]
